0 info it worked if it ends with ok
1 verbose cli [ '/usr/bin/nodejs', '/usr/local/bin/npm', 'install' ]
2 info using npm@3.4.1
3 info using node@v4.2.4
4 silly loadCurrentTree Starting
5 silly install loadCurrentTree
6 silly install readLocalPackageData
7 silly install normalizeTree
8 silly loadCurrentTree Finishing
9 silly loadIdealTree Starting
10 silly install loadIdealTree
11 silly cloneCurrentTree Starting
12 silly install cloneCurrentTreeToIdealTree
13 silly cloneCurrentTree Finishing
14 silly loadShrinkwrap Starting
15 silly install loadShrinkwrap
16 silly loadShrinkwrap Finishing
17 silly loadAllDepsIntoIdealTree Starting
18 silly install loadAllDepsIntoIdealTree
19 silly fetchNamedPackageData fsevents
20 silly mapToRegistry name fsevents
21 silly mapToRegistry using default registry
22 silly mapToRegistry registry https://registry.npmjs.org/
23 silly mapToRegistry uri https://registry.npmjs.org/fsevents
24 verbose request uri https://registry.npmjs.org/fsevents
25 verbose request no auth needed
26 info attempt registry request try #1 at 3:41:08 PM
27 verbose request id 4957c8c3a25d8b5a
28 verbose etag "43VWEZO0NHQR9W0RRC4SYHILN"
29 http request GET https://registry.npmjs.org/fsevents
30 http 304 https://registry.npmjs.org/fsevents
31 verbose headers { date: 'Sun, 17 Jan 2016 15:41:08 GMT',
31 verbose headers   via: '1.1 varnish',
31 verbose headers   'cache-control': 'max-age=300',
31 verbose headers   etag: '"43VWEZO0NHQR9W0RRC4SYHILN"',
31 verbose headers   age: '242',
31 verbose headers   connection: 'keep-alive',
31 verbose headers   'x-served-by': 'cache-ams4127-AMS',
31 verbose headers   'x-cache': 'HIT',
31 verbose headers   'x-cache-hits': '5',
31 verbose headers   'x-timer': 'S1453045268.543693,VS0,VE0',
31 verbose headers   vary: 'Accept' }
32 silly get cb [ 304,
32 silly get   { date: 'Sun, 17 Jan 2016 15:41:08 GMT',
32 silly get     via: '1.1 varnish',
32 silly get     'cache-control': 'max-age=300',
32 silly get     etag: '"43VWEZO0NHQR9W0RRC4SYHILN"',
32 silly get     age: '242',
32 silly get     connection: 'keep-alive',
32 silly get     'x-served-by': 'cache-ams4127-AMS',
32 silly get     'x-cache': 'HIT',
32 silly get     'x-cache-hits': '5',
32 silly get     'x-timer': 'S1453045268.543693,VS0,VE0',
32 silly get     vary: 'Accept' } ]
33 verbose etag https://registry.npmjs.org/fsevents from cache
34 verbose get saving fsevents to /home/paulo/.npm/registry.npmjs.org/fsevents/.cache.json
35 silly resolveWithNewModule fsevents@1.0.6 checking installable status
36 warn install Couldn't install optional dependency: Unsupported
37 verbose install Error: Unsupported
37 verbose install     at checkPlatform (/usr/local/lib/node_modules/npm/node_modules/npm-install-checks/index.js:46:14)
37 verbose install     at Array.<anonymous> (/usr/local/lib/node_modules/npm/node_modules/slide/lib/bind-actor.js:15:8)
37 verbose install     at LOOP (/usr/local/lib/node_modules/npm/node_modules/slide/lib/chain.js:15:14)
37 verbose install     at /usr/local/lib/node_modules/npm/node_modules/slide/lib/chain.js:18:7
37 verbose install     at checkEngine (/usr/local/lib/node_modules/npm/node_modules/npm-install-checks/index.js:25:10)
37 verbose install     at Array.<anonymous> (/usr/local/lib/node_modules/npm/node_modules/slide/lib/bind-actor.js:15:8)
37 verbose install     at LOOP (/usr/local/lib/node_modules/npm/node_modules/slide/lib/chain.js:15:14)
37 verbose install     at chain (/usr/local/lib/node_modules/npm/node_modules/slide/lib/chain.js:20:5)
37 verbose install     at module.exports.isInstallable (/usr/local/lib/node_modules/npm/lib/install/validate-args.js:26:3)
37 verbose install     at resolveWithNewModule (/usr/local/lib/node_modules/npm/lib/install/deps.js:451:12)
38 silly loadAllDepsIntoIdealTree Finishing
39 silly idealTree:prePrune presentation-template@0.0.1
39 silly idealTree:prePrune ├── abbrev@1.0.7
39 silly idealTree:prePrune ├── accepts@1.2.13
39 silly idealTree:prePrune ├── after@0.8.1
39 silly idealTree:prePrune ├── ansi-green@0.1.1
39 silly idealTree:prePrune ├── ansi-regex@0.2.1
39 silly idealTree:prePrune ├── ansi-styles@1.1.0
39 silly idealTree:prePrune ├── ansi-wrap@0.1.0
39 silly idealTree:prePrune ├── ansi@0.3.1
39 silly idealTree:prePrune ├── anymatch@1.3.0
39 silly idealTree:prePrune ├── archy@1.0.0
39 silly idealTree:prePrune ├── are-we-there-yet@1.0.5
39 silly idealTree:prePrune ├── arr-diff@2.0.0
39 silly idealTree:prePrune ├── arr-flatten@1.0.1
39 silly idealTree:prePrune ├── array-differ@1.0.0
39 silly idealTree:prePrune ├── array-index@1.0.0
39 silly idealTree:prePrune ├── array-uniq@1.0.2
39 silly idealTree:prePrune ├── array-unique@0.2.1
39 silly idealTree:prePrune ├── arraybuffer.slice@0.0.6
39 silly idealTree:prePrune ├── arrify@1.0.1
39 silly idealTree:prePrune ├── asn1@0.1.11
39 silly idealTree:prePrune ├── assert-plus@0.1.5
39 silly idealTree:prePrune ├── async-each-series@0.1.1
39 silly idealTree:prePrune ├── async-each@0.1.6
39 silly idealTree:prePrune ├── async-foreach@0.1.3
39 silly idealTree:prePrune ├── async@1.5.2
39 silly idealTree:prePrune ├── autoprefixer@6.3.1
39 silly idealTree:prePrune ├── aws-sign2@0.6.0
39 silly idealTree:prePrune ├── backo2@1.0.2
39 silly idealTree:prePrune ├── balanced-match@0.3.0
39 silly idealTree:prePrune ├── base64-arraybuffer@0.1.2
39 silly idealTree:prePrune ├── base64id@0.1.0
39 silly idealTree:prePrune ├── batch@0.5.2
39 silly idealTree:prePrune ├── beeper@1.1.0
39 silly idealTree:prePrune ├── benchmark@1.0.0
39 silly idealTree:prePrune ├── better-assert@1.0.2
39 silly idealTree:prePrune ├── binary-extensions@1.4.0
39 silly idealTree:prePrune ├── bl@1.0.0
39 silly idealTree:prePrune ├── blob@0.0.4
39 silly idealTree:prePrune ├── block-stream@0.0.8
39 silly idealTree:prePrune ├── boom@2.10.1
39 silly idealTree:prePrune ├── brace-expansion@1.1.2
39 silly idealTree:prePrune ├── braces@1.8.3
39 silly idealTree:prePrune ├── browser-sync-client@2.4.1
39 silly idealTree:prePrune ├─┬ browser-sync-ui@0.5.17
39 silly idealTree:prePrune │ └── async-each-series@1.1.0
39 silly idealTree:prePrune ├── browser-sync@2.11.0
39 silly idealTree:prePrune ├── browserslist@1.1.1
39 silly idealTree:prePrune ├── bs-recipes@1.0.5
39 silly idealTree:prePrune ├── callsite@1.0.0
39 silly idealTree:prePrune ├── camelcase-keys@1.0.0
39 silly idealTree:prePrune ├── camelcase@1.2.1
39 silly idealTree:prePrune ├── caniuse-db@1.0.30000387
39 silly idealTree:prePrune ├── caseless@0.11.0
39 silly idealTree:prePrune ├── chalk@0.5.1
39 silly idealTree:prePrune ├── chokidar@1.4.1
39 silly idealTree:prePrune ├─┬ cliui@3.1.0
39 silly idealTree:prePrune │ ├── ansi-regex@2.0.0
39 silly idealTree:prePrune │ └── strip-ansi@3.0.0
39 silly idealTree:prePrune ├── clone-stats@0.0.1
39 silly idealTree:prePrune ├── clone@1.0.2
39 silly idealTree:prePrune ├── code-point-at@1.0.0
39 silly idealTree:prePrune ├── combined-stream@1.0.5
39 silly idealTree:prePrune ├── commander@2.9.0
39 silly idealTree:prePrune ├── component-bind@1.0.0
39 silly idealTree:prePrune ├── component-emitter@1.1.2
39 silly idealTree:prePrune ├── component-inherit@0.0.3
39 silly idealTree:prePrune ├── concat-map@0.0.1
39 silly idealTree:prePrune ├── concat-stream@1.5.1
39 silly idealTree:prePrune ├── concat-with-sourcemaps@1.0.4
39 silly idealTree:prePrune ├── config-chain@1.1.9
39 silly idealTree:prePrune ├── connect-history-api-fallback@1.1.0
39 silly idealTree:prePrune ├── connect@3.4.0
39 silly idealTree:prePrune ├── core-util-is@1.0.2
39 silly idealTree:prePrune ├─┬ cross-spawn-async@2.1.6
39 silly idealTree:prePrune │ └── lru-cache@4.0.0
39 silly idealTree:prePrune ├── cross-spawn@2.1.4
39 silly idealTree:prePrune ├── cryptiles@2.0.5
39 silly idealTree:prePrune ├── ctype@0.5.3
39 silly idealTree:prePrune ├── d@0.1.1
39 silly idealTree:prePrune ├── dateformat@1.0.12
39 silly idealTree:prePrune ├── debug@2.2.0
39 silly idealTree:prePrune ├── decamelize@1.1.2
39 silly idealTree:prePrune ├── defaults@1.0.3
39 silly idealTree:prePrune ├── delayed-stream@1.0.0
39 silly idealTree:prePrune ├── delegates@0.1.0
39 silly idealTree:prePrune ├── depd@1.0.1
39 silly idealTree:prePrune ├── deprecated@0.0.1
39 silly idealTree:prePrune ├── destroy@1.0.3
39 silly idealTree:prePrune ├── dev-ip@1.0.1
39 silly idealTree:prePrune ├─┬ duplexer2@0.0.2
39 silly idealTree:prePrune │ └── readable-stream@1.1.13
39 silly idealTree:prePrune ├── easy-extender@2.3.2
39 silly idealTree:prePrune ├── eazy-logger@2.1.2
39 silly idealTree:prePrune ├── ee-first@1.1.1
39 silly idealTree:prePrune ├── emitter-steward@1.0.0
39 silly idealTree:prePrune ├── end-of-stream@0.1.5
39 silly idealTree:prePrune ├── engine.io-client@1.6.7
39 silly idealTree:prePrune ├─┬ engine.io-parser@1.2.4
39 silly idealTree:prePrune │ └── has-binary@0.1.6
39 silly idealTree:prePrune ├─┬ engine.io@1.6.7
39 silly idealTree:prePrune │ ├── accepts@1.1.4
39 silly idealTree:prePrune │ ├── mime-db@1.12.0
39 silly idealTree:prePrune │ ├── mime-types@2.0.14
39 silly idealTree:prePrune │ └── negotiator@0.4.9
39 silly idealTree:prePrune ├── es5-ext@0.10.11
39 silly idealTree:prePrune ├── es6-iterator@2.0.0
39 silly idealTree:prePrune ├── es6-symbol@3.0.2
39 silly idealTree:prePrune ├── escape-html@1.0.2
39 silly idealTree:prePrune ├── escape-string-regexp@1.0.4
39 silly idealTree:prePrune ├── etag@1.7.0
39 silly idealTree:prePrune ├── eventemitter3@1.1.1
39 silly idealTree:prePrune ├── expand-brackets@0.1.4
39 silly idealTree:prePrune ├── expand-range@1.8.1
39 silly idealTree:prePrune ├─┬ express@2.5.11
39 silly idealTree:prePrune │ └── connect@1.9.2
39 silly idealTree:prePrune ├── extend@3.0.0
39 silly idealTree:prePrune ├── extglob@0.3.1
39 silly idealTree:prePrune ├─┬ fancy-log@1.1.0
39 silly idealTree:prePrune │ ├── ansi-regex@2.0.0
39 silly idealTree:prePrune │ ├── ansi-styles@2.1.0
39 silly idealTree:prePrune │ ├── chalk@1.1.1
39 silly idealTree:prePrune │ ├── has-ansi@2.0.0
39 silly idealTree:prePrune │ ├── strip-ansi@3.0.0
39 silly idealTree:prePrune │ └── supports-color@2.0.0
39 silly idealTree:prePrune ├── filename-regex@2.0.0
39 silly idealTree:prePrune ├── fill-range@2.2.3
39 silly idealTree:prePrune ├── finalhandler@0.4.0
39 silly idealTree:prePrune ├── find-index@0.1.1
39 silly idealTree:prePrune ├─┬ findup-sync@0.3.0
39 silly idealTree:prePrune │ └── glob@5.0.15
39 silly idealTree:prePrune ├── first-chunk-stream@1.0.0
39 silly idealTree:prePrune ├── flagged-respawn@0.3.1
39 silly idealTree:prePrune ├── for-in@0.1.4
39 silly idealTree:prePrune ├── for-own@0.1.3
39 silly idealTree:prePrune ├── forever-agent@0.6.1
39 silly idealTree:prePrune ├── form-data@1.0.0-rc3
39 silly idealTree:prePrune ├── formidable@1.0.17
39 silly idealTree:prePrune ├─┬ foxy@11.1.4
39 silly idealTree:prePrune │ └── resp-modifier@4.0.4
39 silly idealTree:prePrune ├── fresh@0.3.0
39 silly idealTree:prePrune ├── fs-extra@0.26.4
39 silly idealTree:prePrune ├─┬ fstream@1.0.8
39 silly idealTree:prePrune │ ├── minimist@0.0.8
39 silly idealTree:prePrune │ └── mkdirp@0.5.1
39 silly idealTree:prePrune ├── gauge@1.2.4
39 silly idealTree:prePrune ├── gaze@0.5.2
39 silly idealTree:prePrune ├── generate-function@2.0.0
39 silly idealTree:prePrune ├── generate-object-property@1.2.0
39 silly idealTree:prePrune ├── get-stdin@4.0.1
39 silly idealTree:prePrune ├── glob-base@0.3.0
39 silly idealTree:prePrune ├── glob-parent@2.0.0
39 silly idealTree:prePrune ├─┬ glob-stream@3.1.18
39 silly idealTree:prePrune │ ├── glob@4.5.3
39 silly idealTree:prePrune │ ├── readable-stream@1.0.33
39 silly idealTree:prePrune │ └── through2@0.6.5
39 silly idealTree:prePrune ├── glob-watcher@0.0.6
39 silly idealTree:prePrune ├── glob@6.0.4
39 silly idealTree:prePrune ├── glob2base@0.0.12
39 silly idealTree:prePrune ├─┬ globule@0.1.0
39 silly idealTree:prePrune │ ├── glob@3.1.21
39 silly idealTree:prePrune │ ├── graceful-fs@1.2.3
39 silly idealTree:prePrune │ ├── inherits@1.0.2
39 silly idealTree:prePrune │ ├── lodash@1.0.2
39 silly idealTree:prePrune │ └── minimatch@0.2.14
39 silly idealTree:prePrune ├── glogg@1.0.0
39 silly idealTree:prePrune ├── graceful-fs@4.1.2
39 silly idealTree:prePrune ├── graceful-readlink@1.0.1
39 silly idealTree:prePrune ├── gulp-autoprefixer@3.1.0
39 silly idealTree:prePrune ├─┬ gulp-concat@2.6.0
39 silly idealTree:prePrune │ ├── readable-stream@1.0.33
39 silly idealTree:prePrune │ └── through2@0.6.5
39 silly idealTree:prePrune ├─┬ gulp-sass@2.1.1
39 silly idealTree:prePrune │ └── object-assign@4.0.1
39 silly idealTree:prePrune ├─┬ gulp-util@3.0.7
39 silly idealTree:prePrune │ ├── ansi-regex@2.0.0
39 silly idealTree:prePrune │ ├── ansi-styles@2.1.0
39 silly idealTree:prePrune │ ├── chalk@1.1.1
39 silly idealTree:prePrune │ ├── has-ansi@2.0.0
39 silly idealTree:prePrune │ ├── strip-ansi@3.0.0
39 silly idealTree:prePrune │ └── supports-color@2.0.0
39 silly idealTree:prePrune ├─┬ gulp@3.9.0
39 silly idealTree:prePrune │ ├── ansi-regex@2.0.0
39 silly idealTree:prePrune │ ├── ansi-styles@2.1.0
39 silly idealTree:prePrune │ ├── chalk@1.1.1
39 silly idealTree:prePrune │ ├── has-ansi@2.0.0
39 silly idealTree:prePrune │ ├── strip-ansi@3.0.0
39 silly idealTree:prePrune │ └── supports-color@2.0.0
39 silly idealTree:prePrune ├── gulplog@1.0.0
39 silly idealTree:prePrune ├─┬ har-validator@2.0.5
39 silly idealTree:prePrune │ ├── ansi-regex@2.0.0
39 silly idealTree:prePrune │ ├── ansi-styles@2.1.0
39 silly idealTree:prePrune │ ├── chalk@1.1.1
39 silly idealTree:prePrune │ ├── has-ansi@2.0.0
39 silly idealTree:prePrune │ ├── strip-ansi@3.0.0
39 silly idealTree:prePrune │ └── supports-color@2.0.0
39 silly idealTree:prePrune ├── has-ansi@0.1.0
39 silly idealTree:prePrune ├── has-binary@0.1.7
39 silly idealTree:prePrune ├── has-cors@1.1.0
39 silly idealTree:prePrune ├── has-flag@1.0.0
39 silly idealTree:prePrune ├── has-gulplog@0.1.0
39 silly idealTree:prePrune ├── has-unicode@2.0.0
39 silly idealTree:prePrune ├── hawk@3.1.2
39 silly idealTree:prePrune ├── hoek@2.16.3
39 silly idealTree:prePrune ├── http-errors@1.3.1
39 silly idealTree:prePrune ├── http-proxy@1.12.0
39 silly idealTree:prePrune ├── http-signature@0.11.0
39 silly idealTree:prePrune ├── immutable@3.7.6
39 silly idealTree:prePrune ├── indent-string@1.2.2
39 silly idealTree:prePrune ├── indexof@0.0.1
39 silly idealTree:prePrune ├── inflight@1.0.4
39 silly idealTree:prePrune ├── inherits@2.0.1
39 silly idealTree:prePrune ├── ini@1.3.4
39 silly idealTree:prePrune ├── interpret@0.6.6
39 silly idealTree:prePrune ├── invert-kv@1.0.0
39 silly idealTree:prePrune ├── is-absolute@0.1.7
39 silly idealTree:prePrune ├── is-binary-path@1.0.1
39 silly idealTree:prePrune ├── is-buffer@1.1.1
39 silly idealTree:prePrune ├── is-dotfile@1.0.2
39 silly idealTree:prePrune ├── is-equal-shallow@0.1.3
39 silly idealTree:prePrune ├── is-extendable@0.1.1
39 silly idealTree:prePrune ├── is-extglob@1.0.0
39 silly idealTree:prePrune ├── is-finite@1.0.1
39 silly idealTree:prePrune ├── is-fullwidth-code-point@1.0.0
39 silly idealTree:prePrune ├── is-glob@2.0.1
39 silly idealTree:prePrune ├── is-my-json-valid@2.12.3
39 silly idealTree:prePrune ├── is-number@2.1.0
39 silly idealTree:prePrune ├── is-primitive@2.0.0
39 silly idealTree:prePrune ├── is-property@1.0.2
39 silly idealTree:prePrune ├── is-relative@0.1.3
39 silly idealTree:prePrune ├── is-utf8@0.2.1
39 silly idealTree:prePrune ├── isarray@0.0.1
39 silly idealTree:prePrune ├── isobject@2.0.0
39 silly idealTree:prePrune ├── isstream@0.1.2
39 silly idealTree:prePrune ├── js-base64@2.1.9
39 silly idealTree:prePrune ├── json-stringify-safe@5.0.1
39 silly idealTree:prePrune ├── json3@3.2.6
39 silly idealTree:prePrune ├── jsonfile@2.2.3
39 silly idealTree:prePrune ├── jsonpointer@2.0.0
39 silly idealTree:prePrune ├── kind-of@3.0.2
39 silly idealTree:prePrune ├── klaw@1.1.3
39 silly idealTree:prePrune ├── lazy-cache@0.2.7
39 silly idealTree:prePrune ├── lcid@1.0.0
39 silly idealTree:prePrune ├─┬ liftoff@2.2.0
39 silly idealTree:prePrune │ └── extend@2.0.1
39 silly idealTree:prePrune ├── limiter@1.1.0
39 silly idealTree:prePrune ├── localtunnel@1.8.0
39 silly idealTree:prePrune ├── lodash._arraycopy@3.0.0
39 silly idealTree:prePrune ├── lodash._arrayeach@3.0.0
39 silly idealTree:prePrune ├── lodash._basecopy@3.0.1
39 silly idealTree:prePrune ├── lodash._basefor@3.0.3
39 silly idealTree:prePrune ├── lodash._basetostring@3.0.1
39 silly idealTree:prePrune ├── lodash._basevalues@3.0.0
39 silly idealTree:prePrune ├── lodash._bindcallback@3.0.1
39 silly idealTree:prePrune ├── lodash._createassigner@3.1.1
39 silly idealTree:prePrune ├── lodash._createpadding@3.6.1
39 silly idealTree:prePrune ├── lodash._getnative@3.9.1
39 silly idealTree:prePrune ├── lodash._isiterateecall@3.0.9
39 silly idealTree:prePrune ├── lodash._reescape@3.0.0
39 silly idealTree:prePrune ├── lodash._reevaluate@3.0.0
39 silly idealTree:prePrune ├── lodash._reinterpolate@3.0.0
39 silly idealTree:prePrune ├── lodash.escape@3.1.0
39 silly idealTree:prePrune ├── lodash.isarguments@3.0.5
39 silly idealTree:prePrune ├── lodash.isarray@3.0.4
39 silly idealTree:prePrune ├── lodash.isplainobject@3.2.0
39 silly idealTree:prePrune ├── lodash.istypedarray@3.0.3
39 silly idealTree:prePrune ├── lodash.keys@3.1.2
39 silly idealTree:prePrune ├── lodash.keysin@3.0.8
39 silly idealTree:prePrune ├── lodash.merge@3.3.2
39 silly idealTree:prePrune ├── lodash.pad@3.2.0
39 silly idealTree:prePrune ├── lodash.padleft@3.1.1
39 silly idealTree:prePrune ├── lodash.padright@3.1.1
39 silly idealTree:prePrune ├── lodash.repeat@3.1.0
39 silly idealTree:prePrune ├── lodash.restparam@3.6.1
39 silly idealTree:prePrune ├── lodash.template@3.6.2
39 silly idealTree:prePrune ├── lodash.templatesettings@3.1.1
39 silly idealTree:prePrune ├── lodash.toplainobject@3.0.0
39 silly idealTree:prePrune ├── lodash@3.10.1
39 silly idealTree:prePrune ├── longest@1.0.1
39 silly idealTree:prePrune ├── lru-cache@2.7.3
39 silly idealTree:prePrune ├── map-obj@1.0.1
39 silly idealTree:prePrune ├── meow@3.3.0
39 silly idealTree:prePrune ├── micromatch@2.3.5
39 silly idealTree:prePrune ├── mime-db@1.21.0
39 silly idealTree:prePrune ├── mime-types@2.1.9
39 silly idealTree:prePrune ├── mime@1.2.4
39 silly idealTree:prePrune ├── minimatch@2.0.10
39 silly idealTree:prePrune ├── minimist@1.2.0
39 silly idealTree:prePrune ├── mkdirp@0.3.0
39 silly idealTree:prePrune ├── ms@0.7.1
39 silly idealTree:prePrune ├── multipipe@0.1.2
39 silly idealTree:prePrune ├── nan@2.2.0
39 silly idealTree:prePrune ├── negotiator@0.5.3
39 silly idealTree:prePrune ├─┬ node-gyp@3.2.1
39 silly idealTree:prePrune │ ├─┬ glob@4.5.3
39 silly idealTree:prePrune │ │ └── minimatch@2.0.10
39 silly idealTree:prePrune │ ├── minimatch@1.0.0
39 silly idealTree:prePrune │ ├── minimist@0.0.8
39 silly idealTree:prePrune │ └── mkdirp@0.5.1
39 silly idealTree:prePrune ├─┬ node-sass@3.4.2
39 silly idealTree:prePrune │ ├── ansi-regex@2.0.0
39 silly idealTree:prePrune │ ├── ansi-styles@2.1.0
39 silly idealTree:prePrune │ ├── chalk@1.1.1
39 silly idealTree:prePrune │ ├── glob@5.0.15
39 silly idealTree:prePrune │ ├── has-ansi@2.0.0
39 silly idealTree:prePrune │ ├── minimist@0.0.8
39 silly idealTree:prePrune │ ├── mkdirp@0.5.1
39 silly idealTree:prePrune │ ├── strip-ansi@3.0.0
39 silly idealTree:prePrune │ └── supports-color@2.0.0
39 silly idealTree:prePrune ├── node-uuid@1.4.7
39 silly idealTree:prePrune ├── nopt@3.0.6
39 silly idealTree:prePrune ├── normalize-path@2.0.1
39 silly idealTree:prePrune ├── normalize-range@0.1.2
39 silly idealTree:prePrune ├─┬ npmconf@2.1.2
39 silly idealTree:prePrune │ ├── minimist@0.0.8
39 silly idealTree:prePrune │ └── mkdirp@0.5.1
39 silly idealTree:prePrune ├── npmlog@1.2.1
39 silly idealTree:prePrune ├── num2fraction@1.2.2
39 silly idealTree:prePrune ├── number-is-nan@1.0.0
39 silly idealTree:prePrune ├── oauth-sign@0.8.0
39 silly idealTree:prePrune ├── object-assign@3.0.0
39 silly idealTree:prePrune ├── object-component@0.0.3
39 silly idealTree:prePrune ├── object-path@0.9.2
39 silly idealTree:prePrune ├── object.omit@2.0.0
39 silly idealTree:prePrune ├── on-finished@2.3.0
39 silly idealTree:prePrune ├── once@1.3.3
39 silly idealTree:prePrune ├── openurl@1.1.0
39 silly idealTree:prePrune ├─┬ opn@3.0.3
39 silly idealTree:prePrune │ └── object-assign@4.0.1
39 silly idealTree:prePrune ├── opt-merger@1.1.1
39 silly idealTree:prePrune ├── options@0.0.6
39 silly idealTree:prePrune ├── orchestrator@0.3.7
39 silly idealTree:prePrune ├── ordered-read-streams@0.1.0
39 silly idealTree:prePrune ├── os-homedir@1.0.1
39 silly idealTree:prePrune ├── os-locale@1.4.0
39 silly idealTree:prePrune ├── os-shim@0.1.3
39 silly idealTree:prePrune ├── os-tmpdir@1.0.1
39 silly idealTree:prePrune ├── osenv@0.1.3
39 silly idealTree:prePrune ├── parse-glob@3.0.4
39 silly idealTree:prePrune ├── parsejson@0.0.1
39 silly idealTree:prePrune ├── parseqs@0.0.2
39 silly idealTree:prePrune ├── parseuri@0.0.4
39 silly idealTree:prePrune ├── parseurl@1.3.0
39 silly idealTree:prePrune ├── path-array@1.0.1
39 silly idealTree:prePrune ├── path-is-absolute@1.0.0
39 silly idealTree:prePrune ├── pinkie-promise@2.0.0
39 silly idealTree:prePrune ├── pinkie@2.0.1
39 silly idealTree:prePrune ├─┬ portscanner@1.0.0
39 silly idealTree:prePrune │ └── async@0.1.15
39 silly idealTree:prePrune ├── postcss-value-parser@3.2.3
39 silly idealTree:prePrune ├─┬ postcss@5.0.14
39 silly idealTree:prePrune │ └── supports-color@3.1.2
39 silly idealTree:prePrune ├── preserve@0.2.0
39 silly idealTree:prePrune ├── pretty-hrtime@1.0.1
39 silly idealTree:prePrune ├── process-nextick-args@1.0.6
39 silly idealTree:prePrune ├── proto-list@1.2.4
39 silly idealTree:prePrune ├── pseudomap@1.0.2
39 silly idealTree:prePrune ├── qs@0.4.2
39 silly idealTree:prePrune ├── query-string@2.4.2
39 silly idealTree:prePrune ├── randomatic@1.1.5
39 silly idealTree:prePrune ├── range-parser@1.0.3
39 silly idealTree:prePrune ├── readable-stream@2.0.5
39 silly idealTree:prePrune ├── readdirp@2.0.0
39 silly idealTree:prePrune ├── rechoir@0.6.2
39 silly idealTree:prePrune ├── regex-cache@0.4.2
39 silly idealTree:prePrune ├── repeat-element@1.1.2
39 silly idealTree:prePrune ├── repeat-string@1.5.2
39 silly idealTree:prePrune ├── repeating@1.1.3
39 silly idealTree:prePrune ├── replace-ext@0.0.1
39 silly idealTree:prePrune ├─┬ request@2.65.0
39 silly idealTree:prePrune │ └── qs@5.2.0
39 silly idealTree:prePrune ├── requires-port@0.0.1
39 silly idealTree:prePrune ├── resolve@1.1.6
39 silly idealTree:prePrune ├── resp-modifier@5.0.2
39 silly idealTree:prePrune ├── rimraf@2.5.0
39 silly idealTree:prePrune ├─┬ sass-graph@2.0.1
39 silly idealTree:prePrune │ └── glob@5.0.15
39 silly idealTree:prePrune ├── semver@4.3.6
39 silly idealTree:prePrune ├─┬ send@0.13.0
39 silly idealTree:prePrune │ └── mime@1.3.4
39 silly idealTree:prePrune ├── sequencify@0.0.7
39 silly idealTree:prePrune ├── serve-index@1.7.2
39 silly idealTree:prePrune ├── serve-static@1.10.0
39 silly idealTree:prePrune ├── sigmund@1.0.1
39 silly idealTree:prePrune ├── sntp@1.0.9
39 silly idealTree:prePrune ├─┬ socket.io-adapter@0.4.0
39 silly idealTree:prePrune │ └─┬ socket.io-parser@2.2.2
39 silly idealTree:prePrune │   └── debug@0.7.4
39 silly idealTree:prePrune ├─┬ socket.io-client@1.4.4
39 silly idealTree:prePrune │ ├── component-emitter@1.2.0
39 silly idealTree:prePrune │ ├── json3@3.3.2
39 silly idealTree:prePrune │ └─┬ socket.io-parser@2.2.5
39 silly idealTree:prePrune │   └── component-emitter@1.1.2
39 silly idealTree:prePrune ├─┬ socket.io-parser@2.2.6
39 silly idealTree:prePrune │ └── json3@3.3.2
39 silly idealTree:prePrune ├── socket.io@1.4.4
39 silly idealTree:prePrune ├── source-map@0.5.3
39 silly idealTree:prePrune ├── sparkles@1.0.0
39 silly idealTree:prePrune ├── spawn-sync@1.0.15
39 silly idealTree:prePrune ├── statuses@1.2.1
39 silly idealTree:prePrune ├── stream-consume@0.1.0
39 silly idealTree:prePrune ├── stream-throttle@0.1.3
39 silly idealTree:prePrune ├── strict-uri-encode@1.1.0
39 silly idealTree:prePrune ├── string_decoder@0.10.31
39 silly idealTree:prePrune ├─┬ string-width@1.0.1
39 silly idealTree:prePrune │ ├── ansi-regex@2.0.0
39 silly idealTree:prePrune │ └── strip-ansi@3.0.0
39 silly idealTree:prePrune ├── stringstream@0.0.5
39 silly idealTree:prePrune ├── strip-ansi@0.3.0
39 silly idealTree:prePrune ├── strip-bom@1.0.0
39 silly idealTree:prePrune ├── success-symbol@0.1.0
39 silly idealTree:prePrune ├── supports-color@0.2.0
39 silly idealTree:prePrune ├── tar@2.2.1
39 silly idealTree:prePrune ├── tfunk@3.0.1
39 silly idealTree:prePrune ├── through2@2.0.0
39 silly idealTree:prePrune ├── tildify@1.1.2
39 silly idealTree:prePrune ├── to-array@0.1.3
39 silly idealTree:prePrune ├── tough-cookie@2.2.1
39 silly idealTree:prePrune ├── tunnel-agent@0.4.2
39 silly idealTree:prePrune ├── typedarray@0.0.6
39 silly idealTree:prePrune ├── ua-parser-js@0.7.10
39 silly idealTree:prePrune ├── ucfirst@1.0.0
39 silly idealTree:prePrune ├── uid-number@0.0.5
39 silly idealTree:prePrune ├── ultron@1.0.2
39 silly idealTree:prePrune ├── underscore@1.7.0
39 silly idealTree:prePrune ├── unique-stream@1.0.0
39 silly idealTree:prePrune ├── unpipe@1.0.0
39 silly idealTree:prePrune ├── user-home@1.1.1
39 silly idealTree:prePrune ├── utf8@2.1.0
39 silly idealTree:prePrune ├── util-deprecate@1.0.2
39 silly idealTree:prePrune ├── utils-merge@1.0.0
39 silly idealTree:prePrune ├── v8flags@2.0.11
39 silly idealTree:prePrune ├─┬ vinyl-fs@0.3.14
39 silly idealTree:prePrune │ ├── clone@0.2.0
39 silly idealTree:prePrune │ ├── graceful-fs@3.0.8
39 silly idealTree:prePrune │ ├── minimist@0.0.8
39 silly idealTree:prePrune │ ├── mkdirp@0.5.1
39 silly idealTree:prePrune │ ├── readable-stream@1.0.33
39 silly idealTree:prePrune │ ├── through2@0.6.5
39 silly idealTree:prePrune │ └── vinyl@0.4.6
39 silly idealTree:prePrune ├── vinyl-sourcemaps-apply@0.2.1
39 silly idealTree:prePrune ├── vinyl@0.5.3
39 silly idealTree:prePrune ├── weinre@2.0.0-pre-I0Z7U9OV
39 silly idealTree:prePrune ├── which@1.2.1
39 silly idealTree:prePrune ├── window-size@0.1.4
39 silly idealTree:prePrune ├── wrap-ansi@1.0.0
39 silly idealTree:prePrune ├── wrappy@1.0.1
39 silly idealTree:prePrune ├── ws@1.0.1
39 silly idealTree:prePrune ├── xmlhttprequest-ssl@1.5.1
39 silly idealTree:prePrune ├── xtend@4.0.1
39 silly idealTree:prePrune ├── y18n@3.2.0
39 silly idealTree:prePrune ├── yallist@2.0.0
39 silly idealTree:prePrune ├── yargs@3.29.0
39 silly idealTree:prePrune └── yeast@0.1.2
40 silly loadIdealTree Finishing
41 silly currentTree presentation-template@0.0.1
41 silly currentTree ├── abbrev@1.0.7
41 silly currentTree ├── accepts@1.2.13
41 silly currentTree ├── after@0.8.1
41 silly currentTree ├── ansi-green@0.1.1
41 silly currentTree ├── ansi-regex@0.2.1
41 silly currentTree ├── ansi-styles@1.1.0
41 silly currentTree ├── ansi-wrap@0.1.0
41 silly currentTree ├── ansi@0.3.1
41 silly currentTree ├── anymatch@1.3.0
41 silly currentTree ├── archy@1.0.0
41 silly currentTree ├── are-we-there-yet@1.0.5
41 silly currentTree ├── arr-diff@2.0.0
41 silly currentTree ├── arr-flatten@1.0.1
41 silly currentTree ├── array-differ@1.0.0
41 silly currentTree ├── array-index@1.0.0
41 silly currentTree ├── array-uniq@1.0.2
41 silly currentTree ├── array-unique@0.2.1
41 silly currentTree ├── arraybuffer.slice@0.0.6
41 silly currentTree ├── arrify@1.0.1
41 silly currentTree ├── asn1@0.1.11
41 silly currentTree ├── assert-plus@0.1.5
41 silly currentTree ├── async-each-series@0.1.1
41 silly currentTree ├── async-each@0.1.6
41 silly currentTree ├── async-foreach@0.1.3
41 silly currentTree ├── async@1.5.2
41 silly currentTree ├── autoprefixer@6.3.1
41 silly currentTree ├── aws-sign2@0.6.0
41 silly currentTree ├── backo2@1.0.2
41 silly currentTree ├── balanced-match@0.3.0
41 silly currentTree ├── base64-arraybuffer@0.1.2
41 silly currentTree ├── base64id@0.1.0
41 silly currentTree ├── batch@0.5.2
41 silly currentTree ├── beeper@1.1.0
41 silly currentTree ├── benchmark@1.0.0
41 silly currentTree ├── better-assert@1.0.2
41 silly currentTree ├── binary-extensions@1.4.0
41 silly currentTree ├── bl@1.0.0
41 silly currentTree ├── blob@0.0.4
41 silly currentTree ├── block-stream@0.0.8
41 silly currentTree ├── boom@2.10.1
41 silly currentTree ├── brace-expansion@1.1.2
41 silly currentTree ├── braces@1.8.3
41 silly currentTree ├── browser-sync-client@2.4.1
41 silly currentTree ├─┬ browser-sync-ui@0.5.17
41 silly currentTree │ └── async-each-series@1.1.0
41 silly currentTree ├── browser-sync@2.11.0
41 silly currentTree ├── browserslist@1.1.1
41 silly currentTree ├── bs-recipes@1.0.5
41 silly currentTree ├── callsite@1.0.0
41 silly currentTree ├── camelcase-keys@1.0.0
41 silly currentTree ├── camelcase@1.2.1
41 silly currentTree ├── caniuse-db@1.0.30000387
41 silly currentTree ├── caseless@0.11.0
41 silly currentTree ├── chalk@0.5.1
41 silly currentTree ├── chokidar@1.4.1
41 silly currentTree ├─┬ cliui@3.1.0
41 silly currentTree │ ├── ansi-regex@2.0.0
41 silly currentTree │ └── strip-ansi@3.0.0
41 silly currentTree ├── clone-stats@0.0.1
41 silly currentTree ├── clone@1.0.2
41 silly currentTree ├── code-point-at@1.0.0
41 silly currentTree ├── combined-stream@1.0.5
41 silly currentTree ├── commander@2.9.0
41 silly currentTree ├── component-bind@1.0.0
41 silly currentTree ├── component-emitter@1.1.2
41 silly currentTree ├── component-inherit@0.0.3
41 silly currentTree ├── concat-map@0.0.1
41 silly currentTree ├── concat-stream@1.5.1
41 silly currentTree ├── concat-with-sourcemaps@1.0.4
41 silly currentTree ├── config-chain@1.1.9
41 silly currentTree ├── connect-history-api-fallback@1.1.0
41 silly currentTree ├── connect@3.4.0
41 silly currentTree ├── core-util-is@1.0.2
41 silly currentTree ├─┬ cross-spawn-async@2.1.6
41 silly currentTree │ └── lru-cache@4.0.0
41 silly currentTree ├── cross-spawn@2.1.4
41 silly currentTree ├── cryptiles@2.0.5
41 silly currentTree ├── ctype@0.5.3
41 silly currentTree ├── d@0.1.1
41 silly currentTree ├── dateformat@1.0.12
41 silly currentTree ├── debug@2.2.0
41 silly currentTree ├── decamelize@1.1.2
41 silly currentTree ├── defaults@1.0.3
41 silly currentTree ├── delayed-stream@1.0.0
41 silly currentTree ├── delegates@0.1.0
41 silly currentTree ├── depd@1.0.1
41 silly currentTree ├── deprecated@0.0.1
41 silly currentTree ├── destroy@1.0.3
41 silly currentTree ├── dev-ip@1.0.1
41 silly currentTree ├─┬ duplexer2@0.0.2
41 silly currentTree │ └── readable-stream@1.1.13
41 silly currentTree ├── easy-extender@2.3.2
41 silly currentTree ├── eazy-logger@2.1.2
41 silly currentTree ├── ee-first@1.1.1
41 silly currentTree ├── emitter-steward@1.0.0
41 silly currentTree ├── end-of-stream@0.1.5
41 silly currentTree ├── engine.io-client@1.6.7
41 silly currentTree ├─┬ engine.io-parser@1.2.4
41 silly currentTree │ └── has-binary@0.1.6
41 silly currentTree ├─┬ engine.io@1.6.7
41 silly currentTree │ ├── accepts@1.1.4
41 silly currentTree │ ├── mime-db@1.12.0
41 silly currentTree │ ├── mime-types@2.0.14
41 silly currentTree │ └── negotiator@0.4.9
41 silly currentTree ├── es5-ext@0.10.11
41 silly currentTree ├── es6-iterator@2.0.0
41 silly currentTree ├── es6-symbol@3.0.2
41 silly currentTree ├── escape-html@1.0.2
41 silly currentTree ├── escape-string-regexp@1.0.4
41 silly currentTree ├── etag@1.7.0
41 silly currentTree ├── eventemitter3@1.1.1
41 silly currentTree ├── expand-brackets@0.1.4
41 silly currentTree ├── expand-range@1.8.1
41 silly currentTree ├─┬ express@2.5.11
41 silly currentTree │ └── connect@1.9.2
41 silly currentTree ├── extend@3.0.0
41 silly currentTree ├── extglob@0.3.1
41 silly currentTree ├─┬ fancy-log@1.1.0
41 silly currentTree │ ├── ansi-regex@2.0.0
41 silly currentTree │ ├── ansi-styles@2.1.0
41 silly currentTree │ ├── chalk@1.1.1
41 silly currentTree │ ├── has-ansi@2.0.0
41 silly currentTree │ ├── strip-ansi@3.0.0
41 silly currentTree │ └── supports-color@2.0.0
41 silly currentTree ├── filename-regex@2.0.0
41 silly currentTree ├── fill-range@2.2.3
41 silly currentTree ├── finalhandler@0.4.0
41 silly currentTree ├── find-index@0.1.1
41 silly currentTree ├─┬ findup-sync@0.3.0
41 silly currentTree │ └── glob@5.0.15
41 silly currentTree ├── first-chunk-stream@1.0.0
41 silly currentTree ├── flagged-respawn@0.3.1
41 silly currentTree ├── for-in@0.1.4
41 silly currentTree ├── for-own@0.1.3
41 silly currentTree ├── forever-agent@0.6.1
41 silly currentTree ├── form-data@1.0.0-rc3
41 silly currentTree ├── formidable@1.0.17
41 silly currentTree ├─┬ foxy@11.1.4
41 silly currentTree │ └── resp-modifier@4.0.4
41 silly currentTree ├── fresh@0.3.0
41 silly currentTree ├── fs-extra@0.26.4
41 silly currentTree ├─┬ fstream@1.0.8
41 silly currentTree │ ├── minimist@0.0.8
41 silly currentTree │ └── mkdirp@0.5.1
41 silly currentTree ├── gauge@1.2.4
41 silly currentTree ├── gaze@0.5.2
41 silly currentTree ├── generate-function@2.0.0
41 silly currentTree ├── generate-object-property@1.2.0
41 silly currentTree ├── get-stdin@4.0.1
41 silly currentTree ├── glob-base@0.3.0
41 silly currentTree ├── glob-parent@2.0.0
41 silly currentTree ├─┬ glob-stream@3.1.18
41 silly currentTree │ ├── glob@4.5.3
41 silly currentTree │ ├── readable-stream@1.0.33
41 silly currentTree │ └── through2@0.6.5
41 silly currentTree ├── glob-watcher@0.0.6
41 silly currentTree ├── glob@6.0.4
41 silly currentTree ├── glob2base@0.0.12
41 silly currentTree ├─┬ globule@0.1.0
41 silly currentTree │ ├── glob@3.1.21
41 silly currentTree │ ├── graceful-fs@1.2.3
41 silly currentTree │ ├── inherits@1.0.2
41 silly currentTree │ ├── lodash@1.0.2
41 silly currentTree │ └── minimatch@0.2.14
41 silly currentTree ├── glogg@1.0.0
41 silly currentTree ├── graceful-fs@4.1.2
41 silly currentTree ├── graceful-readlink@1.0.1
41 silly currentTree ├── gulp-autoprefixer@3.1.0
41 silly currentTree ├─┬ gulp-concat@2.6.0
41 silly currentTree │ ├── readable-stream@1.0.33
41 silly currentTree │ └── through2@0.6.5
41 silly currentTree ├─┬ gulp-sass@2.1.1
41 silly currentTree │ └── object-assign@4.0.1
41 silly currentTree ├─┬ gulp-util@3.0.7
41 silly currentTree │ ├── ansi-regex@2.0.0
41 silly currentTree │ ├── ansi-styles@2.1.0
41 silly currentTree │ ├── chalk@1.1.1
41 silly currentTree │ ├── has-ansi@2.0.0
41 silly currentTree │ ├── strip-ansi@3.0.0
41 silly currentTree │ └── supports-color@2.0.0
41 silly currentTree ├─┬ gulp@3.9.0
41 silly currentTree │ ├── ansi-regex@2.0.0
41 silly currentTree │ ├── ansi-styles@2.1.0
41 silly currentTree │ ├── chalk@1.1.1
41 silly currentTree │ ├── has-ansi@2.0.0
41 silly currentTree │ ├── strip-ansi@3.0.0
41 silly currentTree │ └── supports-color@2.0.0
41 silly currentTree ├── gulplog@1.0.0
41 silly currentTree ├─┬ har-validator@2.0.5
41 silly currentTree │ ├── ansi-regex@2.0.0
41 silly currentTree │ ├── ansi-styles@2.1.0
41 silly currentTree │ ├── chalk@1.1.1
41 silly currentTree │ ├── has-ansi@2.0.0
41 silly currentTree │ ├── strip-ansi@3.0.0
41 silly currentTree │ └── supports-color@2.0.0
41 silly currentTree ├── has-ansi@0.1.0
41 silly currentTree ├── has-binary@0.1.7
41 silly currentTree ├── has-cors@1.1.0
41 silly currentTree ├── has-flag@1.0.0
41 silly currentTree ├── has-gulplog@0.1.0
41 silly currentTree ├── has-unicode@2.0.0
41 silly currentTree ├── hawk@3.1.2
41 silly currentTree ├── hoek@2.16.3
41 silly currentTree ├── http-errors@1.3.1
41 silly currentTree ├── http-proxy@1.12.0
41 silly currentTree ├── http-signature@0.11.0
41 silly currentTree ├── immutable@3.7.6
41 silly currentTree ├── indent-string@1.2.2
41 silly currentTree ├── indexof@0.0.1
41 silly currentTree ├── inflight@1.0.4
41 silly currentTree ├── inherits@2.0.1
41 silly currentTree ├── ini@1.3.4
41 silly currentTree ├── interpret@0.6.6
41 silly currentTree ├── invert-kv@1.0.0
41 silly currentTree ├── is-absolute@0.1.7
41 silly currentTree ├── is-binary-path@1.0.1
41 silly currentTree ├── is-buffer@1.1.1
41 silly currentTree ├── is-dotfile@1.0.2
41 silly currentTree ├── is-equal-shallow@0.1.3
41 silly currentTree ├── is-extendable@0.1.1
41 silly currentTree ├── is-extglob@1.0.0
41 silly currentTree ├── is-finite@1.0.1
41 silly currentTree ├── is-fullwidth-code-point@1.0.0
41 silly currentTree ├── is-glob@2.0.1
41 silly currentTree ├── is-my-json-valid@2.12.3
41 silly currentTree ├── is-number@2.1.0
41 silly currentTree ├── is-primitive@2.0.0
41 silly currentTree ├── is-property@1.0.2
41 silly currentTree ├── is-relative@0.1.3
41 silly currentTree ├── is-utf8@0.2.1
41 silly currentTree ├── isarray@0.0.1
41 silly currentTree ├── isobject@2.0.0
41 silly currentTree ├── isstream@0.1.2
41 silly currentTree ├── js-base64@2.1.9
41 silly currentTree ├── json-stringify-safe@5.0.1
41 silly currentTree ├── json3@3.2.6
41 silly currentTree ├── jsonfile@2.2.3
41 silly currentTree ├── jsonpointer@2.0.0
41 silly currentTree ├── kind-of@3.0.2
41 silly currentTree ├── klaw@1.1.3
41 silly currentTree ├── lazy-cache@0.2.7
41 silly currentTree ├── lcid@1.0.0
41 silly currentTree ├─┬ liftoff@2.2.0
41 silly currentTree │ └── extend@2.0.1
41 silly currentTree ├── limiter@1.1.0
41 silly currentTree ├── localtunnel@1.8.0
41 silly currentTree ├── lodash._arraycopy@3.0.0
41 silly currentTree ├── lodash._arrayeach@3.0.0
41 silly currentTree ├── lodash._basecopy@3.0.1
41 silly currentTree ├── lodash._basefor@3.0.3
41 silly currentTree ├── lodash._basetostring@3.0.1
41 silly currentTree ├── lodash._basevalues@3.0.0
41 silly currentTree ├── lodash._bindcallback@3.0.1
41 silly currentTree ├── lodash._createassigner@3.1.1
41 silly currentTree ├── lodash._createpadding@3.6.1
41 silly currentTree ├── lodash._getnative@3.9.1
41 silly currentTree ├── lodash._isiterateecall@3.0.9
41 silly currentTree ├── lodash._reescape@3.0.0
41 silly currentTree ├── lodash._reevaluate@3.0.0
41 silly currentTree ├── lodash._reinterpolate@3.0.0
41 silly currentTree ├── lodash.escape@3.1.0
41 silly currentTree ├── lodash.isarguments@3.0.5
41 silly currentTree ├── lodash.isarray@3.0.4
41 silly currentTree ├── lodash.isplainobject@3.2.0
41 silly currentTree ├── lodash.istypedarray@3.0.3
41 silly currentTree ├── lodash.keys@3.1.2
41 silly currentTree ├── lodash.keysin@3.0.8
41 silly currentTree ├── lodash.merge@3.3.2
41 silly currentTree ├── lodash.pad@3.2.0
41 silly currentTree ├── lodash.padleft@3.1.1
41 silly currentTree ├── lodash.padright@3.1.1
41 silly currentTree ├── lodash.repeat@3.1.0
41 silly currentTree ├── lodash.restparam@3.6.1
41 silly currentTree ├── lodash.template@3.6.2
41 silly currentTree ├── lodash.templatesettings@3.1.1
41 silly currentTree ├── lodash.toplainobject@3.0.0
41 silly currentTree ├── lodash@3.10.1
41 silly currentTree ├── longest@1.0.1
41 silly currentTree ├── lru-cache@2.7.3
41 silly currentTree ├── map-obj@1.0.1
41 silly currentTree ├── meow@3.3.0
41 silly currentTree ├── micromatch@2.3.5
41 silly currentTree ├── mime-db@1.21.0
41 silly currentTree ├── mime-types@2.1.9
41 silly currentTree ├── mime@1.2.4
41 silly currentTree ├── minimatch@2.0.10
41 silly currentTree ├── minimist@1.2.0
41 silly currentTree ├── mkdirp@0.3.0
41 silly currentTree ├── ms@0.7.1
41 silly currentTree ├── multipipe@0.1.2
41 silly currentTree ├── nan@2.2.0
41 silly currentTree ├── negotiator@0.5.3
41 silly currentTree ├─┬ node-gyp@3.2.1
41 silly currentTree │ ├─┬ glob@4.5.3
41 silly currentTree │ │ └── minimatch@2.0.10
41 silly currentTree │ ├── minimatch@1.0.0
41 silly currentTree │ ├── minimist@0.0.8
41 silly currentTree │ └── mkdirp@0.5.1
41 silly currentTree ├─┬ node-sass@3.4.2
41 silly currentTree │ ├── ansi-regex@2.0.0
41 silly currentTree │ ├── ansi-styles@2.1.0
41 silly currentTree │ ├── chalk@1.1.1
41 silly currentTree │ ├── glob@5.0.15
41 silly currentTree │ ├── has-ansi@2.0.0
41 silly currentTree │ ├── minimist@0.0.8
41 silly currentTree │ ├── mkdirp@0.5.1
41 silly currentTree │ ├── strip-ansi@3.0.0
41 silly currentTree │ └── supports-color@2.0.0
41 silly currentTree ├── node-uuid@1.4.7
41 silly currentTree ├── nopt@3.0.6
41 silly currentTree ├── normalize-path@2.0.1
41 silly currentTree ├── normalize-range@0.1.2
41 silly currentTree ├─┬ npmconf@2.1.2
41 silly currentTree │ ├── minimist@0.0.8
41 silly currentTree │ └── mkdirp@0.5.1
41 silly currentTree ├── npmlog@1.2.1
41 silly currentTree ├── num2fraction@1.2.2
41 silly currentTree ├── number-is-nan@1.0.0
41 silly currentTree ├── oauth-sign@0.8.0
41 silly currentTree ├── object-assign@3.0.0
41 silly currentTree ├── object-component@0.0.3
41 silly currentTree ├── object-path@0.9.2
41 silly currentTree ├── object.omit@2.0.0
41 silly currentTree ├── on-finished@2.3.0
41 silly currentTree ├── once@1.3.3
41 silly currentTree ├── openurl@1.1.0
41 silly currentTree ├─┬ opn@3.0.3
41 silly currentTree │ └── object-assign@4.0.1
41 silly currentTree ├── opt-merger@1.1.1
41 silly currentTree ├── options@0.0.6
41 silly currentTree ├── orchestrator@0.3.7
41 silly currentTree ├── ordered-read-streams@0.1.0
41 silly currentTree ├── os-homedir@1.0.1
41 silly currentTree ├── os-locale@1.4.0
41 silly currentTree ├── os-shim@0.1.3
41 silly currentTree ├── os-tmpdir@1.0.1
41 silly currentTree ├── osenv@0.1.3
41 silly currentTree ├── parse-glob@3.0.4
41 silly currentTree ├── parsejson@0.0.1
41 silly currentTree ├── parseqs@0.0.2
41 silly currentTree ├── parseuri@0.0.4
41 silly currentTree ├── parseurl@1.3.0
41 silly currentTree ├── path-array@1.0.1
41 silly currentTree ├── path-is-absolute@1.0.0
41 silly currentTree ├── pinkie-promise@2.0.0
41 silly currentTree ├── pinkie@2.0.1
41 silly currentTree ├─┬ portscanner@1.0.0
41 silly currentTree │ └── async@0.1.15
41 silly currentTree ├── postcss-value-parser@3.2.3
41 silly currentTree ├─┬ postcss@5.0.14
41 silly currentTree │ └── supports-color@3.1.2
41 silly currentTree ├── preserve@0.2.0
41 silly currentTree ├── pretty-hrtime@1.0.1
41 silly currentTree ├── process-nextick-args@1.0.6
41 silly currentTree ├── proto-list@1.2.4
41 silly currentTree ├── pseudomap@1.0.2
41 silly currentTree ├── qs@0.4.2
41 silly currentTree ├── query-string@2.4.2
41 silly currentTree ├── randomatic@1.1.5
41 silly currentTree ├── range-parser@1.0.3
41 silly currentTree ├── readable-stream@2.0.5
41 silly currentTree ├── readdirp@2.0.0
41 silly currentTree ├── rechoir@0.6.2
41 silly currentTree ├── regex-cache@0.4.2
41 silly currentTree ├── repeat-element@1.1.2
41 silly currentTree ├── repeat-string@1.5.2
41 silly currentTree ├── repeating@1.1.3
41 silly currentTree ├── replace-ext@0.0.1
41 silly currentTree ├─┬ request@2.65.0
41 silly currentTree │ └── qs@5.2.0
41 silly currentTree ├── requires-port@0.0.1
41 silly currentTree ├── resolve@1.1.6
41 silly currentTree ├── resp-modifier@5.0.2
41 silly currentTree ├── rimraf@2.5.0
41 silly currentTree ├─┬ sass-graph@2.0.1
41 silly currentTree │ └── glob@5.0.15
41 silly currentTree ├── semver@4.3.6
41 silly currentTree ├─┬ send@0.13.0
41 silly currentTree │ └── mime@1.3.4
41 silly currentTree ├── sequencify@0.0.7
41 silly currentTree ├── serve-index@1.7.2
41 silly currentTree ├── serve-static@1.10.0
41 silly currentTree ├── sigmund@1.0.1
41 silly currentTree ├── sntp@1.0.9
41 silly currentTree ├─┬ socket.io-adapter@0.4.0
41 silly currentTree │ └─┬ socket.io-parser@2.2.2
41 silly currentTree │   └── debug@0.7.4
41 silly currentTree ├─┬ socket.io-client@1.4.4
41 silly currentTree │ ├── component-emitter@1.2.0
41 silly currentTree │ ├── json3@3.3.2
41 silly currentTree │ └─┬ socket.io-parser@2.2.5
41 silly currentTree │   └── component-emitter@1.1.2
41 silly currentTree ├─┬ socket.io-parser@2.2.6
41 silly currentTree │ └── json3@3.3.2
41 silly currentTree ├── socket.io@1.4.4
41 silly currentTree ├── source-map@0.5.3
41 silly currentTree ├── sparkles@1.0.0
41 silly currentTree ├── spawn-sync@1.0.15
41 silly currentTree ├── statuses@1.2.1
41 silly currentTree ├── stream-consume@0.1.0
41 silly currentTree ├── stream-throttle@0.1.3
41 silly currentTree ├── strict-uri-encode@1.1.0
41 silly currentTree ├── string_decoder@0.10.31
41 silly currentTree ├─┬ string-width@1.0.1
41 silly currentTree │ ├── ansi-regex@2.0.0
41 silly currentTree │ └── strip-ansi@3.0.0
41 silly currentTree ├── stringstream@0.0.5
41 silly currentTree ├── strip-ansi@0.3.0
41 silly currentTree ├── strip-bom@1.0.0
41 silly currentTree ├── success-symbol@0.1.0
41 silly currentTree ├── supports-color@0.2.0
41 silly currentTree ├── tar@2.2.1
41 silly currentTree ├── tfunk@3.0.1
41 silly currentTree ├── through2@2.0.0
41 silly currentTree ├── tildify@1.1.2
41 silly currentTree ├── to-array@0.1.3
41 silly currentTree ├── tough-cookie@2.2.1
41 silly currentTree ├── tunnel-agent@0.4.2
41 silly currentTree ├── typedarray@0.0.6
41 silly currentTree ├── ua-parser-js@0.7.10
41 silly currentTree ├── ucfirst@1.0.0
41 silly currentTree ├── uid-number@0.0.5
41 silly currentTree ├── ultron@1.0.2
41 silly currentTree ├── underscore@1.7.0
41 silly currentTree ├── unique-stream@1.0.0
41 silly currentTree ├── unpipe@1.0.0
41 silly currentTree ├── user-home@1.1.1
41 silly currentTree ├── utf8@2.1.0
41 silly currentTree ├── util-deprecate@1.0.2
41 silly currentTree ├── utils-merge@1.0.0
41 silly currentTree ├── v8flags@2.0.11
41 silly currentTree ├─┬ vinyl-fs@0.3.14
41 silly currentTree │ ├── clone@0.2.0
41 silly currentTree │ ├── graceful-fs@3.0.8
41 silly currentTree │ ├── minimist@0.0.8
41 silly currentTree │ ├── mkdirp@0.5.1
41 silly currentTree │ ├── readable-stream@1.0.33
41 silly currentTree │ ├── through2@0.6.5
41 silly currentTree │ └── vinyl@0.4.6
41 silly currentTree ├── vinyl-sourcemaps-apply@0.2.1
41 silly currentTree ├── vinyl@0.5.3
41 silly currentTree ├── weinre@2.0.0-pre-I0Z7U9OV
41 silly currentTree ├── which@1.2.1
41 silly currentTree ├── window-size@0.1.4
41 silly currentTree ├── wrap-ansi@1.0.0
41 silly currentTree ├── wrappy@1.0.1
41 silly currentTree ├── ws@1.0.1
41 silly currentTree ├── xmlhttprequest-ssl@1.5.1
41 silly currentTree ├── xtend@4.0.1
41 silly currentTree ├── y18n@3.2.0
41 silly currentTree ├── yallist@2.0.0
41 silly currentTree ├── yargs@3.29.0
41 silly currentTree └── yeast@0.1.2
42 silly idealTree presentation-template@0.0.1
42 silly idealTree ├── abbrev@1.0.7
42 silly idealTree ├── accepts@1.2.13
42 silly idealTree ├── after@0.8.1
42 silly idealTree ├── ansi-green@0.1.1
42 silly idealTree ├── ansi-regex@0.2.1
42 silly idealTree ├── ansi-styles@1.1.0
42 silly idealTree ├── ansi-wrap@0.1.0
42 silly idealTree ├── ansi@0.3.1
42 silly idealTree ├── anymatch@1.3.0
42 silly idealTree ├── archy@1.0.0
42 silly idealTree ├── are-we-there-yet@1.0.5
42 silly idealTree ├── arr-diff@2.0.0
42 silly idealTree ├── arr-flatten@1.0.1
42 silly idealTree ├── array-differ@1.0.0
42 silly idealTree ├── array-index@1.0.0
42 silly idealTree ├── array-uniq@1.0.2
42 silly idealTree ├── array-unique@0.2.1
42 silly idealTree ├── arraybuffer.slice@0.0.6
42 silly idealTree ├── arrify@1.0.1
42 silly idealTree ├── asn1@0.1.11
42 silly idealTree ├── assert-plus@0.1.5
42 silly idealTree ├── async-each-series@0.1.1
42 silly idealTree ├── async-each@0.1.6
42 silly idealTree ├── async-foreach@0.1.3
42 silly idealTree ├── async@1.5.2
42 silly idealTree ├── autoprefixer@6.3.1
42 silly idealTree ├── aws-sign2@0.6.0
42 silly idealTree ├── backo2@1.0.2
42 silly idealTree ├── balanced-match@0.3.0
42 silly idealTree ├── base64-arraybuffer@0.1.2
42 silly idealTree ├── base64id@0.1.0
42 silly idealTree ├── batch@0.5.2
42 silly idealTree ├── beeper@1.1.0
42 silly idealTree ├── benchmark@1.0.0
42 silly idealTree ├── better-assert@1.0.2
42 silly idealTree ├── binary-extensions@1.4.0
42 silly idealTree ├── bl@1.0.0
42 silly idealTree ├── blob@0.0.4
42 silly idealTree ├── block-stream@0.0.8
42 silly idealTree ├── boom@2.10.1
42 silly idealTree ├── brace-expansion@1.1.2
42 silly idealTree ├── braces@1.8.3
42 silly idealTree ├── browser-sync-client@2.4.1
42 silly idealTree ├─┬ browser-sync-ui@0.5.17
42 silly idealTree │ └── async-each-series@1.1.0
42 silly idealTree ├── browser-sync@2.11.0
42 silly idealTree ├── browserslist@1.1.1
42 silly idealTree ├── bs-recipes@1.0.5
42 silly idealTree ├── callsite@1.0.0
42 silly idealTree ├── camelcase-keys@1.0.0
42 silly idealTree ├── camelcase@1.2.1
42 silly idealTree ├── caniuse-db@1.0.30000387
42 silly idealTree ├── caseless@0.11.0
42 silly idealTree ├── chalk@0.5.1
42 silly idealTree ├── chokidar@1.4.1
42 silly idealTree ├─┬ cliui@3.1.0
42 silly idealTree │ ├── ansi-regex@2.0.0
42 silly idealTree │ └── strip-ansi@3.0.0
42 silly idealTree ├── clone-stats@0.0.1
42 silly idealTree ├── clone@1.0.2
42 silly idealTree ├── code-point-at@1.0.0
42 silly idealTree ├── combined-stream@1.0.5
42 silly idealTree ├── commander@2.9.0
42 silly idealTree ├── component-bind@1.0.0
42 silly idealTree ├── component-emitter@1.1.2
42 silly idealTree ├── component-inherit@0.0.3
42 silly idealTree ├── concat-map@0.0.1
42 silly idealTree ├── concat-stream@1.5.1
42 silly idealTree ├── concat-with-sourcemaps@1.0.4
42 silly idealTree ├── config-chain@1.1.9
42 silly idealTree ├── connect-history-api-fallback@1.1.0
42 silly idealTree ├── connect@3.4.0
42 silly idealTree ├── core-util-is@1.0.2
42 silly idealTree ├─┬ cross-spawn-async@2.1.6
42 silly idealTree │ └── lru-cache@4.0.0
42 silly idealTree ├── cross-spawn@2.1.4
42 silly idealTree ├── cryptiles@2.0.5
42 silly idealTree ├── ctype@0.5.3
42 silly idealTree ├── d@0.1.1
42 silly idealTree ├── dateformat@1.0.12
42 silly idealTree ├── debug@2.2.0
42 silly idealTree ├── decamelize@1.1.2
42 silly idealTree ├── defaults@1.0.3
42 silly idealTree ├── delayed-stream@1.0.0
42 silly idealTree ├── delegates@0.1.0
42 silly idealTree ├── depd@1.0.1
42 silly idealTree ├── deprecated@0.0.1
42 silly idealTree ├── destroy@1.0.3
42 silly idealTree ├── dev-ip@1.0.1
42 silly idealTree ├─┬ duplexer2@0.0.2
42 silly idealTree │ └── readable-stream@1.1.13
42 silly idealTree ├── easy-extender@2.3.2
42 silly idealTree ├── eazy-logger@2.1.2
42 silly idealTree ├── ee-first@1.1.1
42 silly idealTree ├── emitter-steward@1.0.0
42 silly idealTree ├── end-of-stream@0.1.5
42 silly idealTree ├── engine.io-client@1.6.7
42 silly idealTree ├─┬ engine.io-parser@1.2.4
42 silly idealTree │ └── has-binary@0.1.6
42 silly idealTree ├─┬ engine.io@1.6.7
42 silly idealTree │ ├── accepts@1.1.4
42 silly idealTree │ ├── mime-db@1.12.0
42 silly idealTree │ ├── mime-types@2.0.14
42 silly idealTree │ └── negotiator@0.4.9
42 silly idealTree ├── es5-ext@0.10.11
42 silly idealTree ├── es6-iterator@2.0.0
42 silly idealTree ├── es6-symbol@3.0.2
42 silly idealTree ├── escape-html@1.0.2
42 silly idealTree ├── escape-string-regexp@1.0.4
42 silly idealTree ├── etag@1.7.0
42 silly idealTree ├── eventemitter3@1.1.1
42 silly idealTree ├── expand-brackets@0.1.4
42 silly idealTree ├── expand-range@1.8.1
42 silly idealTree ├─┬ express@2.5.11
42 silly idealTree │ └── connect@1.9.2
42 silly idealTree ├── extend@3.0.0
42 silly idealTree ├── extglob@0.3.1
42 silly idealTree ├─┬ fancy-log@1.1.0
42 silly idealTree │ ├── ansi-regex@2.0.0
42 silly idealTree │ ├── ansi-styles@2.1.0
42 silly idealTree │ ├── chalk@1.1.1
42 silly idealTree │ ├── has-ansi@2.0.0
42 silly idealTree │ ├── strip-ansi@3.0.0
42 silly idealTree │ └── supports-color@2.0.0
42 silly idealTree ├── filename-regex@2.0.0
42 silly idealTree ├── fill-range@2.2.3
42 silly idealTree ├── finalhandler@0.4.0
42 silly idealTree ├── find-index@0.1.1
42 silly idealTree ├─┬ findup-sync@0.3.0
42 silly idealTree │ └── glob@5.0.15
42 silly idealTree ├── first-chunk-stream@1.0.0
42 silly idealTree ├── flagged-respawn@0.3.1
42 silly idealTree ├── for-in@0.1.4
42 silly idealTree ├── for-own@0.1.3
42 silly idealTree ├── forever-agent@0.6.1
42 silly idealTree ├── form-data@1.0.0-rc3
42 silly idealTree ├── formidable@1.0.17
42 silly idealTree ├─┬ foxy@11.1.4
42 silly idealTree │ └── resp-modifier@4.0.4
42 silly idealTree ├── fresh@0.3.0
42 silly idealTree ├── fs-extra@0.26.4
42 silly idealTree ├─┬ fstream@1.0.8
42 silly idealTree │ ├── minimist@0.0.8
42 silly idealTree │ └── mkdirp@0.5.1
42 silly idealTree ├── gauge@1.2.4
42 silly idealTree ├── gaze@0.5.2
42 silly idealTree ├── generate-function@2.0.0
42 silly idealTree ├── generate-object-property@1.2.0
42 silly idealTree ├── get-stdin@4.0.1
42 silly idealTree ├── glob-base@0.3.0
42 silly idealTree ├── glob-parent@2.0.0
42 silly idealTree ├─┬ glob-stream@3.1.18
42 silly idealTree │ ├── glob@4.5.3
42 silly idealTree │ ├── readable-stream@1.0.33
42 silly idealTree │ └── through2@0.6.5
42 silly idealTree ├── glob-watcher@0.0.6
42 silly idealTree ├── glob@6.0.4
42 silly idealTree ├── glob2base@0.0.12
42 silly idealTree ├─┬ globule@0.1.0
42 silly idealTree │ ├── glob@3.1.21
42 silly idealTree │ ├── graceful-fs@1.2.3
42 silly idealTree │ ├── inherits@1.0.2
42 silly idealTree │ ├── lodash@1.0.2
42 silly idealTree │ └── minimatch@0.2.14
42 silly idealTree ├── glogg@1.0.0
42 silly idealTree ├── graceful-fs@4.1.2
42 silly idealTree ├── graceful-readlink@1.0.1
42 silly idealTree ├── gulp-autoprefixer@3.1.0
42 silly idealTree ├─┬ gulp-concat@2.6.0
42 silly idealTree │ ├── readable-stream@1.0.33
42 silly idealTree │ └── through2@0.6.5
42 silly idealTree ├─┬ gulp-sass@2.1.1
42 silly idealTree │ └── object-assign@4.0.1
42 silly idealTree ├─┬ gulp-util@3.0.7
42 silly idealTree │ ├── ansi-regex@2.0.0
42 silly idealTree │ ├── ansi-styles@2.1.0
42 silly idealTree │ ├── chalk@1.1.1
42 silly idealTree │ ├── has-ansi@2.0.0
42 silly idealTree │ ├── strip-ansi@3.0.0
42 silly idealTree │ └── supports-color@2.0.0
42 silly idealTree ├─┬ gulp@3.9.0
42 silly idealTree │ ├── ansi-regex@2.0.0
42 silly idealTree │ ├── ansi-styles@2.1.0
42 silly idealTree │ ├── chalk@1.1.1
42 silly idealTree │ ├── has-ansi@2.0.0
42 silly idealTree │ ├── strip-ansi@3.0.0
42 silly idealTree │ └── supports-color@2.0.0
42 silly idealTree ├── gulplog@1.0.0
42 silly idealTree ├─┬ har-validator@2.0.5
42 silly idealTree │ ├── ansi-regex@2.0.0
42 silly idealTree │ ├── ansi-styles@2.1.0
42 silly idealTree │ ├── chalk@1.1.1
42 silly idealTree │ ├── has-ansi@2.0.0
42 silly idealTree │ ├── strip-ansi@3.0.0
42 silly idealTree │ └── supports-color@2.0.0
42 silly idealTree ├── has-ansi@0.1.0
42 silly idealTree ├── has-binary@0.1.7
42 silly idealTree ├── has-cors@1.1.0
42 silly idealTree ├── has-flag@1.0.0
42 silly idealTree ├── has-gulplog@0.1.0
42 silly idealTree ├── has-unicode@2.0.0
42 silly idealTree ├── hawk@3.1.2
42 silly idealTree ├── hoek@2.16.3
42 silly idealTree ├── http-errors@1.3.1
42 silly idealTree ├── http-proxy@1.12.0
42 silly idealTree ├── http-signature@0.11.0
42 silly idealTree ├── immutable@3.7.6
42 silly idealTree ├── indent-string@1.2.2
42 silly idealTree ├── indexof@0.0.1
42 silly idealTree ├── inflight@1.0.4
42 silly idealTree ├── inherits@2.0.1
42 silly idealTree ├── ini@1.3.4
42 silly idealTree ├── interpret@0.6.6
42 silly idealTree ├── invert-kv@1.0.0
42 silly idealTree ├── is-absolute@0.1.7
42 silly idealTree ├── is-binary-path@1.0.1
42 silly idealTree ├── is-buffer@1.1.1
42 silly idealTree ├── is-dotfile@1.0.2
42 silly idealTree ├── is-equal-shallow@0.1.3
42 silly idealTree ├── is-extendable@0.1.1
42 silly idealTree ├── is-extglob@1.0.0
42 silly idealTree ├── is-finite@1.0.1
42 silly idealTree ├── is-fullwidth-code-point@1.0.0
42 silly idealTree ├── is-glob@2.0.1
42 silly idealTree ├── is-my-json-valid@2.12.3
42 silly idealTree ├── is-number@2.1.0
42 silly idealTree ├── is-primitive@2.0.0
42 silly idealTree ├── is-property@1.0.2
42 silly idealTree ├── is-relative@0.1.3
42 silly idealTree ├── is-utf8@0.2.1
42 silly idealTree ├── isarray@0.0.1
42 silly idealTree ├── isobject@2.0.0
42 silly idealTree ├── isstream@0.1.2
42 silly idealTree ├── js-base64@2.1.9
42 silly idealTree ├── json-stringify-safe@5.0.1
42 silly idealTree ├── json3@3.2.6
42 silly idealTree ├── jsonfile@2.2.3
42 silly idealTree ├── jsonpointer@2.0.0
42 silly idealTree ├── kind-of@3.0.2
42 silly idealTree ├── klaw@1.1.3
42 silly idealTree ├── lazy-cache@0.2.7
42 silly idealTree ├── lcid@1.0.0
42 silly idealTree ├─┬ liftoff@2.2.0
42 silly idealTree │ └── extend@2.0.1
42 silly idealTree ├── limiter@1.1.0
42 silly idealTree ├── localtunnel@1.8.0
42 silly idealTree ├── lodash._arraycopy@3.0.0
42 silly idealTree ├── lodash._arrayeach@3.0.0
42 silly idealTree ├── lodash._basecopy@3.0.1
42 silly idealTree ├── lodash._basefor@3.0.3
42 silly idealTree ├── lodash._basetostring@3.0.1
42 silly idealTree ├── lodash._basevalues@3.0.0
42 silly idealTree ├── lodash._bindcallback@3.0.1
42 silly idealTree ├── lodash._createassigner@3.1.1
42 silly idealTree ├── lodash._createpadding@3.6.1
42 silly idealTree ├── lodash._getnative@3.9.1
42 silly idealTree ├── lodash._isiterateecall@3.0.9
42 silly idealTree ├── lodash._reescape@3.0.0
42 silly idealTree ├── lodash._reevaluate@3.0.0
42 silly idealTree ├── lodash._reinterpolate@3.0.0
42 silly idealTree ├── lodash.escape@3.1.0
42 silly idealTree ├── lodash.isarguments@3.0.5
42 silly idealTree ├── lodash.isarray@3.0.4
42 silly idealTree ├── lodash.isplainobject@3.2.0
42 silly idealTree ├── lodash.istypedarray@3.0.3
42 silly idealTree ├── lodash.keys@3.1.2
42 silly idealTree ├── lodash.keysin@3.0.8
42 silly idealTree ├── lodash.merge@3.3.2
42 silly idealTree ├── lodash.pad@3.2.0
42 silly idealTree ├── lodash.padleft@3.1.1
42 silly idealTree ├── lodash.padright@3.1.1
42 silly idealTree ├── lodash.repeat@3.1.0
42 silly idealTree ├── lodash.restparam@3.6.1
42 silly idealTree ├── lodash.template@3.6.2
42 silly idealTree ├── lodash.templatesettings@3.1.1
42 silly idealTree ├── lodash.toplainobject@3.0.0
42 silly idealTree ├── lodash@3.10.1
42 silly idealTree ├── longest@1.0.1
42 silly idealTree ├── lru-cache@2.7.3
42 silly idealTree ├── map-obj@1.0.1
42 silly idealTree ├── meow@3.3.0
42 silly idealTree ├── micromatch@2.3.5
42 silly idealTree ├── mime-db@1.21.0
42 silly idealTree ├── mime-types@2.1.9
42 silly idealTree ├── mime@1.2.4
42 silly idealTree ├── minimatch@2.0.10
42 silly idealTree ├── minimist@1.2.0
42 silly idealTree ├── mkdirp@0.3.0
42 silly idealTree ├── ms@0.7.1
42 silly idealTree ├── multipipe@0.1.2
42 silly idealTree ├── nan@2.2.0
42 silly idealTree ├── negotiator@0.5.3
42 silly idealTree ├─┬ node-gyp@3.2.1
42 silly idealTree │ ├─┬ glob@4.5.3
42 silly idealTree │ │ └── minimatch@2.0.10
42 silly idealTree │ ├── minimatch@1.0.0
42 silly idealTree │ ├── minimist@0.0.8
42 silly idealTree │ └── mkdirp@0.5.1
42 silly idealTree ├─┬ node-sass@3.4.2
42 silly idealTree │ ├── ansi-regex@2.0.0
42 silly idealTree │ ├── ansi-styles@2.1.0
42 silly idealTree │ ├── chalk@1.1.1
42 silly idealTree │ ├── glob@5.0.15
42 silly idealTree │ ├── has-ansi@2.0.0
42 silly idealTree │ ├── minimist@0.0.8
42 silly idealTree │ ├── mkdirp@0.5.1
42 silly idealTree │ ├── strip-ansi@3.0.0
42 silly idealTree │ └── supports-color@2.0.0
42 silly idealTree ├── node-uuid@1.4.7
42 silly idealTree ├── nopt@3.0.6
42 silly idealTree ├── normalize-path@2.0.1
42 silly idealTree ├── normalize-range@0.1.2
42 silly idealTree ├─┬ npmconf@2.1.2
42 silly idealTree │ ├── minimist@0.0.8
42 silly idealTree │ └── mkdirp@0.5.1
42 silly idealTree ├── npmlog@1.2.1
42 silly idealTree ├── num2fraction@1.2.2
42 silly idealTree ├── number-is-nan@1.0.0
42 silly idealTree ├── oauth-sign@0.8.0
42 silly idealTree ├── object-assign@3.0.0
42 silly idealTree ├── object-component@0.0.3
42 silly idealTree ├── object-path@0.9.2
42 silly idealTree ├── object.omit@2.0.0
42 silly idealTree ├── on-finished@2.3.0
42 silly idealTree ├── once@1.3.3
42 silly idealTree ├── openurl@1.1.0
42 silly idealTree ├─┬ opn@3.0.3
42 silly idealTree │ └── object-assign@4.0.1
42 silly idealTree ├── opt-merger@1.1.1
42 silly idealTree ├── options@0.0.6
42 silly idealTree ├── orchestrator@0.3.7
42 silly idealTree ├── ordered-read-streams@0.1.0
42 silly idealTree ├── os-homedir@1.0.1
42 silly idealTree ├── os-locale@1.4.0
42 silly idealTree ├── os-shim@0.1.3
42 silly idealTree ├── os-tmpdir@1.0.1
42 silly idealTree ├── osenv@0.1.3
42 silly idealTree ├── parse-glob@3.0.4
42 silly idealTree ├── parsejson@0.0.1
42 silly idealTree ├── parseqs@0.0.2
42 silly idealTree ├── parseuri@0.0.4
42 silly idealTree ├── parseurl@1.3.0
42 silly idealTree ├── path-array@1.0.1
42 silly idealTree ├── path-is-absolute@1.0.0
42 silly idealTree ├── pinkie-promise@2.0.0
42 silly idealTree ├── pinkie@2.0.1
42 silly idealTree ├─┬ portscanner@1.0.0
42 silly idealTree │ └── async@0.1.15
42 silly idealTree ├── postcss-value-parser@3.2.3
42 silly idealTree ├─┬ postcss@5.0.14
42 silly idealTree │ └── supports-color@3.1.2
42 silly idealTree ├── preserve@0.2.0
42 silly idealTree ├── pretty-hrtime@1.0.1
42 silly idealTree ├── process-nextick-args@1.0.6
42 silly idealTree ├── proto-list@1.2.4
42 silly idealTree ├── pseudomap@1.0.2
42 silly idealTree ├── qs@0.4.2
42 silly idealTree ├── query-string@2.4.2
42 silly idealTree ├── randomatic@1.1.5
42 silly idealTree ├── range-parser@1.0.3
42 silly idealTree ├── readable-stream@2.0.5
42 silly idealTree ├── readdirp@2.0.0
42 silly idealTree ├── rechoir@0.6.2
42 silly idealTree ├── regex-cache@0.4.2
42 silly idealTree ├── repeat-element@1.1.2
42 silly idealTree ├── repeat-string@1.5.2
42 silly idealTree ├── repeating@1.1.3
42 silly idealTree ├── replace-ext@0.0.1
42 silly idealTree ├─┬ request@2.65.0
42 silly idealTree │ └── qs@5.2.0
42 silly idealTree ├── requires-port@0.0.1
42 silly idealTree ├── resolve@1.1.6
42 silly idealTree ├── resp-modifier@5.0.2
42 silly idealTree ├── rimraf@2.5.0
42 silly idealTree ├─┬ sass-graph@2.0.1
42 silly idealTree │ └── glob@5.0.15
42 silly idealTree ├── semver@4.3.6
42 silly idealTree ├─┬ send@0.13.0
42 silly idealTree │ └── mime@1.3.4
42 silly idealTree ├── sequencify@0.0.7
42 silly idealTree ├── serve-index@1.7.2
42 silly idealTree ├── serve-static@1.10.0
42 silly idealTree ├── sigmund@1.0.1
42 silly idealTree ├── sntp@1.0.9
42 silly idealTree ├─┬ socket.io-adapter@0.4.0
42 silly idealTree │ └─┬ socket.io-parser@2.2.2
42 silly idealTree │   └── debug@0.7.4
42 silly idealTree ├─┬ socket.io-client@1.4.4
42 silly idealTree │ ├── component-emitter@1.2.0
42 silly idealTree │ ├── json3@3.3.2
42 silly idealTree │ └─┬ socket.io-parser@2.2.5
42 silly idealTree │   └── component-emitter@1.1.2
42 silly idealTree ├─┬ socket.io-parser@2.2.6
42 silly idealTree │ └── json3@3.3.2
42 silly idealTree ├── socket.io@1.4.4
42 silly idealTree ├── source-map@0.5.3
42 silly idealTree ├── sparkles@1.0.0
42 silly idealTree ├── spawn-sync@1.0.15
42 silly idealTree ├── statuses@1.2.1
42 silly idealTree ├── stream-consume@0.1.0
42 silly idealTree ├── stream-throttle@0.1.3
42 silly idealTree ├── strict-uri-encode@1.1.0
42 silly idealTree ├── string_decoder@0.10.31
42 silly idealTree ├─┬ string-width@1.0.1
42 silly idealTree │ ├── ansi-regex@2.0.0
42 silly idealTree │ └── strip-ansi@3.0.0
42 silly idealTree ├── stringstream@0.0.5
42 silly idealTree ├── strip-ansi@0.3.0
42 silly idealTree ├── strip-bom@1.0.0
42 silly idealTree ├── success-symbol@0.1.0
42 silly idealTree ├── supports-color@0.2.0
42 silly idealTree ├── tar@2.2.1
42 silly idealTree ├── tfunk@3.0.1
42 silly idealTree ├── through2@2.0.0
42 silly idealTree ├── tildify@1.1.2
42 silly idealTree ├── to-array@0.1.3
42 silly idealTree ├── tough-cookie@2.2.1
42 silly idealTree ├── tunnel-agent@0.4.2
42 silly idealTree ├── typedarray@0.0.6
42 silly idealTree ├── ua-parser-js@0.7.10
42 silly idealTree ├── ucfirst@1.0.0
42 silly idealTree ├── uid-number@0.0.5
42 silly idealTree ├── ultron@1.0.2
42 silly idealTree ├── underscore@1.7.0
42 silly idealTree ├── unique-stream@1.0.0
42 silly idealTree ├── unpipe@1.0.0
42 silly idealTree ├── user-home@1.1.1
42 silly idealTree ├── utf8@2.1.0
42 silly idealTree ├── util-deprecate@1.0.2
42 silly idealTree ├── utils-merge@1.0.0
42 silly idealTree ├── v8flags@2.0.11
42 silly idealTree ├─┬ vinyl-fs@0.3.14
42 silly idealTree │ ├── clone@0.2.0
42 silly idealTree │ ├── graceful-fs@3.0.8
42 silly idealTree │ ├── minimist@0.0.8
42 silly idealTree │ ├── mkdirp@0.5.1
42 silly idealTree │ ├── readable-stream@1.0.33
42 silly idealTree │ ├── through2@0.6.5
42 silly idealTree │ └── vinyl@0.4.6
42 silly idealTree ├── vinyl-sourcemaps-apply@0.2.1
42 silly idealTree ├── vinyl@0.5.3
42 silly idealTree ├── weinre@2.0.0-pre-I0Z7U9OV
42 silly idealTree ├── which@1.2.1
42 silly idealTree ├── window-size@0.1.4
42 silly idealTree ├── wrap-ansi@1.0.0
42 silly idealTree ├── wrappy@1.0.1
42 silly idealTree ├── ws@1.0.1
42 silly idealTree ├── xmlhttprequest-ssl@1.5.1
42 silly idealTree ├── xtend@4.0.1
42 silly idealTree ├── y18n@3.2.0
42 silly idealTree ├── yallist@2.0.0
42 silly idealTree ├── yargs@3.29.0
42 silly idealTree └── yeast@0.1.2
43 silly generateActionsToTake Starting
44 silly install generateActionsToTake
45 silly generateActionsToTake Finishing
46 silly diffTrees action count 0
47 silly decomposeActions action count 0
48 silly executeActions Starting
49 silly install executeActions
50 silly doSerial global-install 0
51 silly doParallel fetch 0
52 verbose lock using /home/paulo/.npm/_locks/staging-5f7604292669e1ba.lock for /home/paulo/projects/presentation-gulp/node_modules/.staging
53 verbose unlock done using /home/paulo/.npm/_locks/staging-5f7604292669e1ba.lock for /home/paulo/projects/presentation-gulp/node_modules/.staging
54 silly rollbackFailedOptional Starting
55 silly rollbackFailedOptional Finishing
56 silly runTopLevelLifecycles Starting
57 silly runTopLevelLifecycles Finishing
58 silly install printInstalled
59 verbose stack Error: EACCES: permission denied, mkdir '/home/paulo/projects/presentation-gulp/node_modules/.staging'
59 verbose stack     at Error (native)
60 verbose cwd /home/paulo/projects/presentation-gulp
61 error Linux 4.2.0-23-generic
62 error argv "/usr/bin/nodejs" "/usr/local/bin/npm" "install"
63 error node v4.2.4
64 error npm  v3.4.1
65 error path /home/paulo/projects/presentation-gulp/node_modules/.staging
66 error code EACCES
67 error errno -13
68 error syscall mkdir
69 error Error: EACCES: permission denied, mkdir '/home/paulo/projects/presentation-gulp/node_modules/.staging'
69 error     at Error (native)
69 error  { [Error: EACCES: permission denied, mkdir '/home/paulo/projects/presentation-gulp/node_modules/.staging']
69 error   errno: -13,
69 error   code: 'EACCES',
69 error   syscall: 'mkdir',
69 error   path: '/home/paulo/projects/presentation-gulp/node_modules/.staging' }
70 error Please try running this command again as root/Administrator.
71 verbose exit [ -13, true ]
